1 #NS 0 CompilerPlayground
2 #NS 1 Binop
3 #NS 2 plus
0 #EC 2 
4 #NS 2 times
1 #US 0
1 #ES 1
#IND 0 2 1 2 3 0 4 0 
5 #NS 0 Nat
6 #NS 5 zero
2 #EC 5 
7 #NS 5 succ
8 #NS 0 n
3 #EP #BD 8 2 2
#IND 0 5 1 2 6 2 7 3 
9 #NS 1 Exp
10 #NS 9 const
11 #NS 0 a
12 #NS 11 _@
13 #NS 12 Origin
14 #NS 13 _hyg
15 #NI 14 197
4 #EC 9 
5 #EP #BD 15 2 4
16 #NS 9 binop
17 #NI 14 200
18 #NI 14 202
19 #NI 14 204
6 #EP #BD 19 4 4
7 #EP #BD 18 4 6
8 #EP #BD 17 0 7
#IND 0 9 1 2 10 5 16 8 
20 #NS 1 Instr
21 #NS 20 iConst
22 #NI 14 841
9 #EC 20 
10 #EP #BD 22 2 9
23 #NS 20 iBinop
24 #NI 14 844
11 #EP #BD 24 0 9
#IND 0 20 1 2 21 10 23 11 
25 #NS 0 List
26 #NS 25 nil
27 #NS 0 α
28 #NS 0 u
2 #UP 28
3 #US 2
12 #ES 3
13 #EC 25 2
14 #EV 0
15 #EA 13 14
16 #EP #BI 27 12 15
29 #NS 25 cons
30 #NS 0 head
31 #NS 0 tail
17 #EV 1
18 #EA 13 17
19 #EV 2
20 #EA 13 19
21 #EP #BD 31 18 20
22 #EP #BD 30 14 21
23 #EP #BI 27 12 22
24 #EP #BD 27 12 12
#IND 1 25 24 2 26 16 29 23 28
32 #NS 1 Prog
25 #EC 25 0
26 #EA 25 9
#DEF 32 1 26 
33 #NS 1 Stack
27 #EA 25 2
#DEF 33 1 27 
34 #NS 2 casesOn
35 #NS 0 motive
36 #NS 0 t
28 #ES 2
29 #EP #BD 36 0 28
37 #NS 0 plus
30 #EC 3 
31 #EA 17 30
38 #NS 0 times
32 #EC 4 
33 #EA 19 32
34 #EV 3
35 #EA 34 19
36 #EP #BD 38 33 35
37 #EP #BD 37 31 36
38 #EP #BD 36 0 37
39 #EP #BI 35 29 38
39 #NS 2 rec
40 #EC 39 2
41 #EA 40 34
42 #EA 41 17
43 #EA 42 14
44 #EA 43 19
45 #EL #BD 38 33 44
46 #EL #BD 37 31 45
47 #EL #BD 36 0 46
48 #EL #BI 35 29 47
#DEF 34 39 48 28
40 #NS 1 binopDenote
41 #NS 40 match_1
42 #NS 0 x
43 #NS 42 _@
44 #NS 43 Origin
45 #NS 44 _hyg
46 #NI 45 724
47 #NI 46 751
48 #NI 45 725
49 #NI 48 754
50 #NI 45 726
51 #NI 50 757
52 #NS 0 u_1
4 #UP 52
49 #ES 4
50 #EP #BD 51 2 49
51 #EP #BD 49 2 50
52 #EP #BD 47 0 51
53 #NS 0 h_1
54 #NS 0 y
53 #EV 5
54 #EA 53 30
55 #EA 54 17
56 #EA 55 14
57 #EP #BD 54 2 56
58 #EP #BD 42 2 57
55 #NS 0 h_2
59 #EV 6
60 #EA 59 32
61 #EA 60 17
62 #EA 61 14
63 #EP #BD 54 2 62
64 #EP #BD 42 2 63
65 #EV 4
66 #EA 53 65
67 #EA 66 34
68 #EA 67 19
69 #EP #BD 55 64 68
70 #EP #BD 53 58 69
71 #EP #BD 51 2 70
72 #EP #BD 49 2 71
73 #EP #BD 47 0 72
74 #EP #BD 35 52 73
75 #EC 34 4
76 #EA 59 14
77 #EA 76 65
78 #EA 77 34
79 #EL #BD 42 0 78
80 #EA 75 79
81 #EA 80 65
82 #EA 17 34
83 #EA 82 19
84 #EA 81 83
85 #EA 14 34
86 #EA 85 19
87 #EA 84 86
88 #EL #BD 55 64 87
89 #EL #BD 53 58 88
90 #EL #BD 51 2 89
91 #EL #BD 49 2 90
92 #EL #BD 47 0 91
93 #EL #BD 35 52 92
#DEF 41 74 93 52
56 #NS 0 outParam
94 #EP #BD 27 28 28
95 #EL #BD 27 28 14
#DEF 56 94 95 28
57 #NS 0 HAdd
58 #NS 57 mk
59 #NS 0 β
60 #NS 0 v
5 #UP 60
6 #US 5
96 #ES 6
61 #NS 0 γ
62 #NS 0 w
7 #UP 62
8 #US 7
9 #US 8
97 #EC 56 9
98 #ES 8
99 #EA 97 98
63 #NS 0 hAdd
64 #NS 12 Init
65 #NS 64 Prelude
66 #NS 65 _hyg
67 #NI 66 2491
68 #NI 66 2493
100 #EP #BD 68 19 19
101 #EP #BD 67 19 100
102 #EC 57 2 5 7
103 #EA 102 34
104 #EA 103 19
105 #EA 104 17
106 #EP #BD 63 101 105
107 #EP #BI 61 99 106
108 #EP #BI 59 96 107
109 #EP #BI 27 12 108
10 #UM 3 6
11 #UM 10 8
110 #ES 11
111 #EP #BD 61 99 110
112 #EP #BD 59 96 111
113 #EP #BD 27 12 112
#IND 3 57 113 1 58 109 28 60 62
69 #NS 57 hAdd
70 #NS 0 self
114 #EA 102 19
115 #EA 114 17
116 #EA 115 14
117 #EP #BD 68 34 34
118 #EP #BD 67 34 117
119 #EP #BC 70 116 118
120 #EP #BI 61 99 119
121 #EP #BI 59 96 120
122 #EP #BI 27 12 121
123 #EJ 57 0 14
124 #EL #BC 70 116 123
125 #EL #BI 61 99 124
126 #EL #BD 59 96 125
127 #EL #BD 27 12 126
#DEF 69 122 127 28 60 62
71 #NS 0 Add
72 #NS 71 mk
73 #NS 0 add
74 #NI 66 2690
75 #NI 66 2692
128 #EP #BD 75 17 19
129 #EP #BD 74 14 128
130 #EC 71 2
131 #EA 130 17
132 #EP #BD 73 129 131
133 #EP #BI 27 12 132
#IND 1 71 24 1 72 133 28
76 #NS 71 add
134 #EA 130 14
135 #EP #BD 75 19 34
136 #EP #BD 74 17 135
137 #EP #BC 70 134 136
138 #EP #BI 27 12 137
139 #EJ 71 0 14
140 #EL #BC 70 134 139
141 #EL #BD 27 12 140
#DEF 76 138 141 28
77 #NS 0 instHAdd
12 #US 4
142 #ES 12
78 #NS 0 inst
79 #NS 78 _@
80 #NS 79 Init
81 #NS 80 Prelude
82 #NS 81 _hyg
83 #NI 82 2867
143 #EC 71 4
144 #EA 143 14
145 #EC 57 4 4 4
146 #EA 145 17
147 #EA 146 17
148 #EA 147 17
149 #EP #BC 83 144 148
150 #EP #BI 27 142 149
151 #EC 58 4 4 4
152 #EA 151 17
153 #EA 152 17
154 #EA 153 17
84 #NS 0 b
155 #EC 76 4
156 #EA 155 34
157 #EA 156 19
158 #EA 157 17
159 #EA 158 14
160 #EL #BD 84 19 159
161 #EL #BD 11 17 160
162 #EA 154 161
163 #EL #BC 83 144 162
164 #EL #BI 27 142 163
#DEF 77 150 164 52
85 #NS 0 PUnit
86 #NS 85 unit
165 #EC 85 2
#IND 0 85 28 1 86 165 28
87 #NS 0 PProd
88 #NS 87 mk
166 #ES 5
89 #NS 0 fst
90 #NS 0 snd
167 #EC 87 2 5
168 #EA 167 34
169 #EA 168 19
170 #EP #BD 90 17 169
171 #EP #BD 89 17 170
172 #EP #BI 59 166 171
173 #EP #BI 27 28 172
13 #UM 1 2
14 #UM 13 5
174 #ES 14
175 #EP #BD 59 166 174
176 #EP #BD 27 28 175
#IND 2 87 176 1 88 173 28 60
91 #NS 5 below
177 #EP #BD 36 2 28
178 #ES 13
179 #EP #BD 36 2 178
180 #EP #BI 35 177 179
92 #NS 5 rec
15 #US 13
181 #EC 92 15
182 #EL #BD 36 2 178
183 #EA 181 182
184 #EC 85 13
185 #EA 183 184
93 #NS 0 n_ih
186 #EC 87 2 13
187 #EA 34 17
188 #EA 186 187
189 #EA 188 14
190 #EL #BD 93 178 189
191 #EL #BD 8 2 190
192 #EA 185 191
193 #EA 192 14
194 #EL #BD 36 2 193
195 #EL #BI 35 177 194
#DEF 91 180 195 28
94 #NS 5 brecOn
95 #NS 0 F_1
96 #NS 0 f
196 #EC 91 2
197 #EA 196 19
198 #EA 197 14
199 #EP #BD 96 198 187
200 #EP #BD 36 2 199
201 #EA 19 17
202 #EP #BD 95 200 201
203 #EP #BD 36 2 202
204 #EP #BI 35 177 203
205 #EC 92 13
206 #EA 34 14
207 #EA 186 206
208 #EA 196 34
209 #EA 208 14
210 #EA 207 209
211 #EL #BD 36 2 210
212 #EA 205 211
213 #EC 88 2 13
214 #EC 6 
215 #EA 19 214
216 #EA 213 215
217 #EA 216 184
218 #EA 14 214
219 #EC 86 13
220 #EA 218 219
221 #EA 217 220
222 #EA 221 219
223 #EA 212 222
224 #EC 7 
225 #EA 224 17
226 #EA 65 225
227 #EA 213 226
228 #EA 65 17
229 #EA 186 228
230 #EA 196 65
231 #EA 230 17
232 #EA 229 231
233 #EA 227 232
234 #EA 19 225
235 #EA 234 14
236 #EA 233 235
237 #EA 236 14
238 #EL #BD 93 210 237
239 #EL #BD 8 2 238
240 #EA 223 239
241 #EA 240 17
242 #EJ 87 0 241
243 #EL #BD 95 200 242
244 #EL #BD 36 2 243
245 #EL #BI 35 177 244
#DEF 94 204 245 28
97 #NS 5 casesOn
98 #NS 0 zero
246 #EA 17 214
99 #NS 0 succ
247 #EA 224 14
248 #EA 34 247
249 #EP #BD 8 2 248
250 #EP #BD 99 249 35
251 #EP #BD 98 246 250
252 #EP #BD 36 2 251
253 #EP #BI 35 177 252
254 #EC 92 2
255 #EA 254 34
256 #EA 255 17
257 #EA 65 14
258 #EL #BD 93 257 201
259 #EL #BD 8 2 258
260 #EA 256 259
261 #EA 260 19
262 #EL #BD 99 249 261
263 #EL #BD 98 246 262
264 #EL #BD 36 2 263
265 #EL #BI 35 177 264
#DEF 97 253 265 28
100 #NS 5 add
101 #NS 100 match_1
102 #NS 43 Init
103 #NS 102 Prelude
104 #NS 103 _hyg
105 #NI 104 3257
106 #NI 105 3276
107 #NI 104 3258
108 #NI 107 3279
266 #EP #BD 108 2 49
267 #EP #BD 106 2 266
268 #EA 206 214
269 #EP #BD 11 2 268
270 #EA 53 17
271 #EA 270 247
272 #EP #BD 84 2 271
273 #EP #BD 11 2 272
274 #EA 65 34
275 #EA 274 19
276 #EP #BD 55 273 275
277 #EP #BD 53 269 276
278 #EP #BD 108 2 277
279 #EP #BD 106 2 278
280 #EP #BD 35 267 279
281 #EC 97 4
282 #EA 66 14
283 #EL #BD 42 2 282
284 #EA 281 283
285 #EA 284 19
286 #EA 285 82
109 #NS 8 _@
110 #NS 109 Init
111 #NS 110 Prelude
112 #NS 111 _hyg
113 #NI 112 3302
287 #EA 17 65
288 #EA 287 14
289 #EL #BD 113 2 288
290 #EA 286 289
291 #EL #BD 55 273 290
292 #EL #BD 53 269 291
293 #EL #BD 108 2 292
294 #EL #BD 106 2 293
295 #EL #BD 35 267 294
#DEF 101 280 295 52
114 #NI 66 3246
115 #NI 66 3251
296 #EP #BD 115 2 2
297 #EP #BD 114 2 296
298 #EC 94 1
299 #EL #BD 107 2 296
300 #EA 298 299
301 #EA 300 14
302 #EC 91 1
303 #EA 302 299
304 #EA 303 14
305 #EC 101 1
116 #NI 104 3305
306 #EP #BD 116 304 2
307 #EL #BD 108 2 306
308 #EL #BD 106 2 307
309 #EA 305 308
310 #EA 309 14
311 #EA 310 19
312 #EA 303 214
313 #EL #BD 116 312 17
314 #EL #BD 11 2 313
315 #EA 311 314
316 #EA 303 247
317 #EJ 87 0 14
318 #EA 317 19
319 #EA 224 318
320 #EL #BD 116 316 319
321 #EL #BD 84 2 320
322 #EL #BD 11 2 321
323 #EA 315 322
324 #EA 323 17
325 #EL #BD 105 2 324
326 #EL #BD 96 304 325
327 #EL #BD 107 2 326
328 #EA 301 327
329 #EA 328 17
330 #EL #BD 107 2 329
331 #EL #BD 105 2 330
#DEF 100 297 331 
117 #NS 0 instAddNat
332 #EC 71 0
333 #EA 332 2
334 #EC 72 0
335 #EA 334 2
336 #EC 100 
337 #EA 335 336
#DEF 117 333 337 
118 #NS 0 HMul
119 #NS 118 mk
120 #NS 0 hMul
338 #EC 118 2 5 7
339 #EA 338 34
340 #EA 339 19
341 #EA 340 17
342 #EP #BD 120 101 341
343 #EP #BI 61 99 342
344 #EP #BI 59 96 343
345 #EP #BI 27 12 344
#IND 3 118 113 1 119 345 28 60 62
121 #NS 118 hMul
346 #EA 338 19
347 #EA 346 17
348 #EA 347 14
349 #EP #BC 70 348 118
350 #EP #BI 61 99 349
351 #EP #BI 59 96 350
352 #EP #BI 27 12 351
353 #EJ 118 0 14
354 #EL #BC 70 348 353
355 #EL #BI 61 99 354
356 #EL #BD 59 96 355
357 #EL #BD 27 12 356
#DEF 121 352 357 28 60 62
122 #NS 0 Mul
123 #NS 122 mk
124 #NS 0 mul
358 #EC 122 2
359 #EA 358 17
360 #EP #BD 124 129 359
361 #EP #BI 27 12 360
#IND 1 122 24 1 123 361 28
125 #NS 122 mul
362 #EA 358 14
363 #EP #BC 70 362 136
364 #EP #BI 27 12 363
365 #EJ 122 0 14
366 #EL #BC 70 362 365
367 #EL #BD 27 12 366
#DEF 125 364 367 28
126 #NS 0 instHMul
127 #NI 82 2911
368 #EC 122 4
369 #EA 368 14
370 #EC 118 4 4 4
371 #EA 370 17
372 #EA 371 17
373 #EA 372 17
374 #EP #BC 127 369 373
375 #EP #BI 27 142 374
376 #EC 119 4 4 4
377 #EA 376 17
378 #EA 377 17
379 #EA 378 17
380 #EC 125 4
381 #EA 380 34
382 #EA 381 19
383 #EA 382 17
384 #EA 383 14
385 #EL #BD 84 19 384
386 #EL #BD 11 17 385
387 #EA 379 386
388 #EL #BC 127 369 387
389 #EL #BI 27 142 388
#DEF 126 375 389 52
128 #NS 0 OfNat
129 #NS 128 mk
130 #NI 104 2207
131 #NS 0 ofNat
390 #EC 128 2
391 #EA 390 19
392 #EA 391 17
393 #EP #BD 131 17 392
394 #EP #BI 130 2 393
395 #EP #BI 27 12 394
396 #EP #BD 130 2 12
397 #EP #BD 27 12 396
#IND 2 128 397 1 129 395 28
132 #NS 128 ofNat
398 #EA 390 17
399 #EA 398 14
400 #EP #BC 70 399 19
401 #EP #BD 130 2 400
402 #EP #BI 27 12 401
403 #EJ 128 0 14
404 #EL #BC 70 399 403
405 #EL #BD 130 2 404
406 #EL #BD 27 12 405
#DEF 132 402 406 28
133 #NS 0 instOfNatNat
407 #EC 128 0
408 #EA 407 2
409 #EA 408 14
410 #EP #BD 8 2 409
411 #EC 129 0
412 #EA 411 2
413 #EA 412 14
414 #EA 413 14
415 #EL #BD 8 2 414
#DEF 133 410 415 
134 #NS 5 mul
135 #NS 134 match_1
136 #NI 104 3340
137 #NI 136 3359
138 #NI 104 3341
139 #NI 138 3362
140 #NI 104 3368
416 #EC 132 0
417 #EA 416 2
418 #ELN 0
419 #EA 417 418
420 #EC 133 
421 #EA 420 418
422 #EA 419 421
423 #EA 206 422
424 #EP #BD 140 2 423
425 #EP #BD 53 424 276
426 #EP #BD 139 2 425
427 #EP #BD 137 2 426
428 #EP #BD 35 267 427
429 #EL #BD 53 424 291
430 #EL #BD 139 2 429
431 #EL #BD 137 2 430
432 #EL #BD 35 267 431
#DEF 135 428 432 52
433 #EC 135 1
434 #EA 433 308
435 #EA 434 14
436 #EA 435 19
141 #NI 104 3390
437 #EA 303 422
438 #EL #BD 141 437 422
439 #EL #BD 140 2 438
440 #EA 436 439
441 #EA 336 318
442 #EA 441 19
443 #EL #BD 141 316 442
444 #EL #BD 84 2 443
445 #EL #BD 11 2 444
446 #EA 440 445
447 #EA 446 17
448 #EL #BD 136 2 447
449 #EL #BD 96 304 448
450 #EL #BD 138 2 449
451 #EA 301 450
452 #EA 451 17
453 #EL #BD 138 2 452
454 #EL #BD 136 2 453
#DEF 134 297 454 
142 #NS 0 instMulNat
455 #EC 122 0
456 #EA 455 2
457 #EC 123 0
458 #EA 457 2
459 #EC 134 
460 #EA 458 459
#DEF 142 456 460 
143 #NI 14 717
144 #NI 14 719
461 #EP #BD 144 2 3
462 #EP #BD 143 0 461
463 #EC 41 1
464 #EL #BD 51 2 2
465 #EL #BD 49 2 464
466 #EL #BD 47 0 465
467 #EA 463 466
468 #EA 467 19
469 #EA 468 17
470 #EA 469 14
471 #EC 69 0 0 0
472 #EA 471 2
473 #EA 472 2
474 #EA 473 2
475 #EC 77 0
476 #EA 475 2
477 #EC 117 
478 #EA 476 477
479 #EA 474 478
480 #EA 479 17
481 #EA 480 14
482 #EL #BD 54 2 481
483 #EL #BD 42 2 482
484 #EA 470 483
485 #EC 121 0 0 0
486 #EA 485 2
487 #EA 486 2
488 #EA 487 2
489 #EC 126 0
490 #EA 489 2
491 #EC 142 
492 #EA 490 491
493 #EA 488 492
494 #EA 493 17
495 #EA 494 14
496 #EL #BD 54 2 495
497 #EL #BD 42 2 496
498 #EA 484 497
499 #EL #BD 50 2 498
500 #EL #BD 48 2 499
501 #EL #BD 46 0 500
#DEF 40 462 501 
145 #NS 9 below
502 #EP #BD 36 4 28
503 #EP #BD 36 4 178
504 #EP #BI 35 502 503
146 #NS 9 rec
505 #EC 146 15
506 #EL #BD 36 4 178
507 #EA 505 506
508 #EL #BD 15 2 184
509 #EA 507 508
147 #NS 0 a_ih
148 #NS 147 _@
149 #NS 148 Origin
150 #NS 149 _hyg
151 #NI 150 202
152 #NI 150 204
510 #EC 87 13 13
511 #EA 59 34
512 #EA 186 511
513 #EA 512 17
514 #EA 510 513
515 #EA 59 19
516 #EA 186 515
517 #EA 516 14
518 #EA 514 517
519 #EL #BD 152 178 518
520 #EL #BD 151 178 519
521 #EL #BD 19 4 520
522 #EL #BD 18 4 521
523 #EL #BD 17 0 522
524 #EA 509 523
525 #EA 524 14
526 #EL #BD 36 4 525
527 #EL #BI 35 502 526
#DEF 145 504 527 28
153 #NS 9 brecOn
528 #EC 145 2
529 #EA 528 19
530 #EA 529 14
531 #EP #BD 96 530 187
532 #EP #BD 36 4 531
533 #EP #BD 95 532 201
534 #EP #BD 36 4 533
535 #EP #BI 35 502 534
536 #EC 146 13
537 #EA 528 34
538 #EA 537 14
539 #EA 207 538
540 #EL #BD 36 4 539
541 #EA 536 540
542 #EC 10 
543 #EA 542 14
544 #EA 34 543
545 #EA 213 544
546 #EA 545 184
547 #EA 17 543
548 #EA 547 219
549 #EA 546 548
550 #EA 549 219
551 #EL #BD 15 2 550
552 #EA 541 551
553 #EA 186 270
554 #EA 528 53
555 #EA 554 17
556 #EA 553 555
557 #EA 59 17
558 #EA 186 557
559 #EA 528 59
560 #EA 559 17
561 #EA 558 560
562 #EV 7
563 #EC 16 
564 #EA 563 65
565 #EA 564 34
566 #EA 565 19
567 #EA 562 566
568 #EA 213 567
569 #EA 562 34
570 #EA 186 569
571 #EA 528 562
572 #EA 571 34
573 #EA 570 572
574 #EA 510 573
575 #EA 562 19
576 #EA 186 575
577 #EA 571 19
578 #EA 576 577
579 #EA 574 578
580 #EA 568 579
581 #EA 53 566
582 #EC 88 13 13
583 #EA 582 573
584 #EA 583 578
585 #EA 584 17
586 #EA 585 14
587 #EA 581 586
588 #EA 580 587
589 #EA 588 586
590 #EL #BD 152 561 589
591 #EL #BD 151 556 590
592 #EL #BD 19 4 591
593 #EL #BD 18 4 592
594 #EL #BD 17 0 593
595 #EA 552 594
596 #EA 595 17
597 #EJ 87 0 596
598 #EL #BD 95 532 597
599 #EL #BD 36 4 598
600 #EL #BI 35 502 599
#DEF 153 535 600 28
154 #NS 9 casesOn
155 #NS 0 const
601 #EA 19 543
602 #EP #BD 15 2 601
156 #NS 0 binop
603 #EA 563 19
604 #EA 603 17
605 #EA 604 14
606 #EA 53 605
607 #EP #BD 19 4 606
608 #EP #BD 18 4 607
609 #EP #BD 17 0 608
610 #EP #BD 156 609 35
611 #EP #BD 155 602 610
612 #EP #BD 36 4 611
613 #EP #BI 35 502 612
614 #EC 146 2
615 #EA 614 34
616 #EA 19 14
617 #EL #BD 15 2 616
618 #EA 615 617
619 #EA 562 17
620 #EL #BD 152 619 68
621 #EL #BD 151 557 620
622 #EL #BD 19 4 621
623 #EL #BD 18 4 622
624 #EL #BD 17 0 623
625 #EA 618 624
626 #EA 625 19
627 #EL #BD 156 609 626
628 #EL #BD 155 602 627
629 #EL #BD 36 4 628
630 #EL #BI 35 502 629
#DEF 154 613 630 28
157 #NS 0 _private
158 #NS 157 Origin
159 #NI 158 0
160 #NS 159 CompilerPlayground
161 #NS 160 reprExp
162 #NS 161 match_1
163 #NS 162 _@
164 #NS 163 Origin
165 #NS 164 _hyg
166 #NI 165 237
167 #NI 45 238
168 #NI 167 253
631 #EP #BD 168 4 49
632 #EP #BD 35 631 612
633 #EC 154 4
634 #EL #BD 42 4 257
635 #EA 633 634
636 #EA 635 19
637 #EA 636 617
169 #NI 17 355
170 #NI 18 356
171 #NI 19 357
638 #EA 35 17
639 #EA 638 14
640 #EL #BD 171 4 639
641 #EL #BD 170 4 640
642 #EL #BD 169 0 641
643 #EA 637 642
644 #EL #BD 55 609 643
645 #EL #BD 53 602 644
646 #EL #BD 168 4 645
647 #EL #BD 35 631 646
#DEF 166 632 647 52
172 #NS 1 expDenote
173 #NI 14 790
648 #EP #BD 173 4 2
174 #NI 45 793
649 #EC 153 1
650 #EL #BD 174 4 2
651 #EA 649 650
652 #EA 651 14
653 #EC 145 1
654 #EA 653 650
655 #EA 654 14
656 #EC 166 1
175 #NI 174 804
176 #NI 45 834
657 #EP #BD 176 655 2
658 #EL #BD 175 4 657
659 #EA 656 658
660 #EA 659 17
177 #NI 14 239
661 #EA 654 543
662 #EL #BD 176 661 17
663 #EL #BD 177 2 662
664 #EA 660 663
178 #NI 14 240
179 #NI 14 241
180 #NI 14 242
665 #EA 654 605
666 #EC 40 
667 #EA 666 34
668 #EJ 87 0 317
669 #EA 667 668
670 #EJ 87 1 14
671 #EJ 87 0 670
672 #EA 669 671
673 #EL #BD 176 665 672
674 #EL #BD 180 4 673
675 #EL #BD 179 4 674
676 #EL #BD 178 0 675
677 #EA 664 676
678 #EA 677 14
679 #EL #BD 96 655 678
680 #EL #BD 174 4 679
681 #EA 652 680
682 #EL #BD 174 4 681
#DEF 172 648 682 
181 #NS 0 Option
182 #NS 181 none
683 #EC 181 2
684 #EA 683 14
685 #EP #BI 27 12 684
183 #NS 181 some
184 #NS 0 val
686 #EA 683 17
687 #EP #BD 184 14 686
688 #EP #BI 27 12 687
#IND 1 181 24 2 182 685 183 688 28
185 #NS 20 casesOn
689 #EP #BD 36 9 28
186 #NS 0 iConst
690 #EC 21 
691 #EA 690 14
692 #EA 19 691
693 #EP #BD 22 2 692
187 #NS 0 iBinop
694 #EC 23 
695 #EA 694 14
696 #EA 34 695
697 #EP #BD 24 0 696
698 #EP #BD 187 697 35
699 #EP #BD 186 693 698
700 #EP #BD 36 9 699
701 #EP #BI 35 689 700
188 #NS 20 rec
702 #EC 188 2
703 #EA 702 34
704 #EA 703 617
705 #EA 17 14
706 #EL #BD 24 0 705
707 #EA 704 706
708 #EA 707 19
709 #EL #BD 187 697 708
710 #EL #BD 186 693 709
711 #EL #BD 36 9 710
712 #EL #BI 35 689 711
#DEF 185 701 712 28
189 #NS 160 reprInstr
190 #NS 189 match_1
191 #NS 190 _@
192 #NS 191 Origin
193 #NS 192 _hyg
194 #NI 193 863
195 #NI 45 864
196 #NI 195 877
713 #EP #BD 196 9 49
714 #EP #BD 35 713 700
715 #EC 185 4
716 #EL #BD 42 9 257
717 #EA 715 716
718 #EA 717 19
719 #EA 718 617
720 #EA 719 706
721 #EL #BD 55 697 720
722 #EL #BD 53 693 721
723 #EL #BD 196 9 722
724 #EL #BD 35 713 723
#DEF 194 714 724 52
197 #NS 25 casesOn
725 #EP #BD 36 15 49
198 #NS 0 nil
726 #EC 26 2
727 #EA 726 19
728 #EA 17 727
199 #NS 0 cons
729 #EA 13 65
730 #EC 29 2
731 #EA 730 53
732 #EA 731 17
733 #EA 732 14
734 #EA 65 733
735 #EP #BD 31 729 734
736 #EP #BD 30 34 735
737 #EP #BD 199 736 35
738 #EP #BD 198 728 737
739 #EP #BD 36 18 738
740 #EP #BI 35 725 739
741 #EP #BI 27 12 740
200 #NS 25 rec
742 #EC 200 4 2
743 #EA 742 65
744 #EA 743 34
745 #EA 744 17
746 #EA 13 53
201 #NS 0 tail_ih
747 #EA 53 14
748 #EL #BD 201 747 638
749 #EL #BD 31 746 748
750 #EL #BD 30 65 749
751 #EA 745 750
752 #EA 751 19
753 #EL #BD 199 736 752
754 #EL #BD 198 728 753
755 #EL #BD 36 18 754
756 #EL #BI 35 725 755
757 #EL #BI 27 12 756
#DEF 197 741 757 52 28
202 #NS 1 instrDenote
203 #NS 202 match_1
204 #NS 0 s
205 #NS 204 _@
206 #NS 205 Origin
207 #NS 206 _hyg
208 #NI 207 1201
758 #EC 33 
759 #EP #BD 208 758 49
209 #NS 0 arg1
210 #NS 0 arg2
211 #NS 0 s'
760 #EC 29 0
761 #EA 760 2
762 #EA 761 19
763 #EA 761 17
764 #EA 763 14
765 #EA 762 764
766 #EA 65 765
767 #EP #BD 211 27 766
768 #EP #BD 210 2 767
769 #EP #BD 209 2 768
212 #NI 45 1233
770 #EP #BD 212 758 206
771 #EP #BD 55 770 35
772 #EP #BD 53 769 771
773 #EP #BD 208 758 772
774 #EP #BD 35 759 773
775 #EC 197 4 0
776 #EA 775 2
777 #EL #BD 42 758 257
778 #EA 776 777
779 #EA 778 19
780 #EC 26 0
781 #EA 780 2
782 #EA 14 781
783 #EA 779 782
213 #NS 30 _@
214 #NS 213 Origin
215 #NS 214 _hyg
216 #NI 215 1235
217 #NS 31 _@
218 #NS 217 Origin
219 #NS 218 _hyg
220 #NI 219 1236
784 #EA 762 14
785 #EA 59 784
786 #EL #BD 42 27 785
787 #EA 776 786
788 #EA 787 14
789 #EA 763 781
790 #EA 19 789
791 #EA 788 790
221 #NI 215 1237
222 #NI 219 1238
792 #EA 53 34
793 #EA 792 17
794 #EA 793 14
795 #EL #BD 222 27 794
796 #EL #BD 221 2 795
797 #EA 791 796
798 #EL #BD 220 27 797
799 #EL #BD 216 2 798
800 #EA 783 799
801 #EL #BD 55 770 800
802 #EL #BD 53 769 801
803 #EL #BD 208 758 802
804 #EL #BD 35 759 803
#DEF 203 774 804 52
223 #NS 0 i
805 #EC 181 0
806 #EA 805 758
807 #EP #BD 204 758 806
808 #EP #BD 223 9 807
809 #EC 194 1
224 #NS 223 _@
225 #NS 224 Origin
226 #NS 225 _hyg
227 #NI 226 1181
810 #EL #BD 227 9 806
811 #EA 809 810
812 #EA 811 17
813 #EC 183 0
814 #EA 813 758
815 #EA 761 14
816 #EA 815 17
817 #EA 814 816
818 #EL #BD 8 2 817
819 #EA 812 818
820 #EC 203 1
821 #EL #BD 208 758 806
822 #EA 820 821
823 #EA 822 17
824 #EA 667 19
825 #EA 824 17
826 #EA 761 825
827 #EA 826 14
828 #EA 814 827
829 #EL #BD 211 27 828
830 #EL #BD 210 2 829
831 #EL #BD 209 2 830
832 #EA 823 831
833 #EC 182 0
834 #EA 833 758
835 #EL #BD 212 758 834
836 #EA 832 835
837 #EL #BD 84 0 836
838 #EA 819 837
839 #EL #BD 204 758 838
840 #EL #BD 223 9 839
#DEF 202 808 840 
228 #NS 25 below
16 #UM 1 4
841 #ES 16
842 #EP #BD 36 18 841
843 #EP #BI 35 725 842
844 #EP #BI 27 12 843
17 #US 16
845 #EC 200 17 2
846 #EA 845 19
847 #EL #BD 36 20 841
848 #EA 846 847
849 #EC 85 16
850 #EA 848 849
851 #EA 13 34
852 #EC 87 4 16
853 #EA 852 228
854 #EA 853 14
855 #EL #BD 201 841 854
856 #EL #BD 31 851 855
857 #EL #BD 30 19 856
858 #EA 850 857
859 #EA 858 14
860 #EL #BD 36 18 859
861 #EL #BI 35 725 860
862 #EL #BI 27 12 861
#DEF 228 844 862 52 28
229 #NS 25 brecOn
863 #EC 228 4 2
864 #EA 863 34
865 #EA 864 19
866 #EA 865 14
867 #EP #BD 96 866 187
868 #EP #BD 36 20 867
869 #EP #BD 95 868 201
870 #EP #BD 36 18 869
871 #EP #BI 35 725 870
872 #EP #BI 27 12 871
873 #EC 200 16 2
874 #EA 873 34
875 #EA 852 206
876 #EA 863 65
877 #EA 876 34
878 #EA 877 14
879 #EA 875 878
880 #EL #BD 36 851 879
881 #EA 874 880
882 #EC 88 4 16
883 #EA 726 34
884 #EA 19 883
885 #EA 882 884
886 #EA 885 849
887 #EA 14 883
888 #EC 86 16
889 #EA 887 888
890 #EA 886 889
891 #EA 890 888
892 #EA 881 891
893 #EA 852 257
894 #EA 863 53
895 #EA 894 65
896 #EA 895 14
897 #EA 893 896
898 #EA 730 59
899 #EA 898 19
900 #EA 899 17
901 #EA 53 900
902 #EA 882 901
903 #EA 852 270
904 #EA 863 59
905 #EA 904 53
906 #EA 905 17
907 #EA 903 906
908 #EA 902 907
909 #EA 34 900
910 #EA 909 14
911 #EA 908 910
912 #EA 911 14
913 #EL #BD 201 897 912
914 #EL #BD 31 729 913
915 #EL #BD 30 34 914
916 #EA 892 915
917 #EA 916 17
918 #EJ 87 0 917
919 #EL #BD 95 868 918
920 #EL #BD 36 18 919
921 #EL #BI 35 725 920
922 #EL #BI 27 12 921
#DEF 229 872 922 52 28
230 #NS 1 progDenote
231 #NS 230 match_2
232 #NI 45 1249
233 #NI 232 1268
923 #EC 32 
924 #EP #BD 233 923 759
234 #NI 45 1250
235 #NI 234 1271
925 #EA 780 9
926 #EA 34 925
927 #EA 926 14
928 #EP #BD 204 758 927
236 #NS 0 p'
929 #EA 760 9
930 #EA 929 19
931 #EA 930 17
932 #EA 59 931
933 #EA 932 14
934 #EP #BD 204 758 933
935 #EP #BD 236 26 934
936 #EP #BD 223 9 935
937 #EP #BD 55 936 275
938 #EP #BD 53 928 937
939 #EP #BD 235 758 938
940 #EP #BD 233 923 939
941 #EP #BD 35 924 940
942 #EA 775 9
943 #EA 747 34
944 #EL #BD 42 923 943
945 #EA 942 944
946 #EA 945 34
947 #EA 17 19
948 #EA 946 947
237 #NI 215 1317
238 #NI 219 1318
949 #EA 201 14
950 #EA 949 65
951 #EL #BD 238 26 950
952 #EL #BD 237 9 951
953 #EA 948 952
954 #EL #BD 55 936 953
955 #EL #BD 53 928 954
956 #EL #BD 235 758 955
957 #EL #BD 233 923 956
958 #EL #BD 35 924 957
#DEF 231 941 958 52
239 #NS 0 Unit
959 #EC 85 1
#DEF 239 1 959 
240 #NS 181 casesOn
960 #EP #BD 36 684 49
241 #NS 0 none
961 #EC 182 2
962 #EA 961 19
963 #EA 17 962
242 #NS 0 some
964 #EC 183 2
965 #EA 964 65
966 #EA 965 14
967 #EA 34 966
968 #EP #BD 184 34 967
969 #EP #BD 242 968 35
970 #EP #BD 241 963 969
971 #EP #BD 36 686 970
972 #EP #BI 35 960 971
973 #EP #BI 27 12 972
243 #NS 181 rec
974 #EC 243 4 2
975 #EA 974 65
976 #EA 975 34
977 #EA 976 17
978 #EL #BD 184 65 705
979 #EA 977 978
980 #EA 979 19
981 #EL #BD 242 968 980
982 #EL #BD 241 963 981
983 #EL #BD 36 686 982
984 #EL #BI 35 960 983
985 #EL #BI 27 12 984
#DEF 240 973 985 52 28
244 #NS 239 unit
986 #EC 239 
987 #EC 86 1
#DEF 244 986 987 
245 #NS 230 match_1
246 #NI 45 1303
988 #EP #BD 246 806 49
989 #EA 19 834
990 #EP #BD 0 986 989
991 #EA 814 14
992 #EA 34 991
993 #EP #BD 211 758 992
994 #EP #BD 55 993 35
995 #EP #BD 53 990 994
996 #EP #BD 246 806 995
997 #EP #BD 35 988 996
998 #EC 240 4 0
999 #EA 998 758
1000 #EL #BD 42 806 257
1001 #EA 999 1000
1002 #EA 1001 19
1003 #EC 244 
1004 #EA 17 1003
1005 #EA 1002 1004
247 #NS 184 _@
248 #NS 247 Origin
249 #NS 248 _hyg
250 #NI 249 1316
1006 #EL #BD 250 758 705
1007 #EA 1005 1006
1008 #EL #BD 55 993 1007
1009 #EL #BD 53 990 1008
1010 #EL #BD 246 806 1009
1011 #EL #BD 35 988 1010
#DEF 245 997 1011 52
251 #NI 14 1243
1012 #EP #BD 251 923 807
1013 #EC 229 1 0
1014 #EA 1013 9
1015 #EL #BD 232 923 807
1016 #EA 1014 1015
1017 #EA 1016 17
1018 #EC 228 1 0
1019 #EA 1018 9
1020 #EA 1019 1015
1021 #EA 1020 14
1022 #EC 231 1
252 #NI 45 1319
1023 #EA 1020 17
1024 #EP #BD 252 1023 806
1025 #EL #BD 235 758 1024
1026 #EL #BD 233 923 1025
1027 #EA 1022 1026
1028 #EA 1027 19
1029 #EA 1028 14
1030 #EA 1020 925
1031 #EA 814 17
1032 #EL #BD 252 1030 1031
1033 #EL #BD 204 758 1032
1034 #EA 1029 1033
1035 #EA 1020 931
1036 #EC 245 1
1037 #EL #BD 246 806 806
1038 #EA 1036 1037
1039 #EC 202 
1040 #EA 1039 34
1041 #EA 1040 17
1042 #EA 1038 1041
253 #NS 0 _
1043 #EL #BD 253 986 834
1044 #EA 1042 1043
1045 #EJ 87 0 17
1046 #EA 1045 14
1047 #EL #BD 211 758 1046
1048 #EA 1044 1047
1049 #EL #BD 252 1035 1048
1050 #EL #BD 204 758 1049
1051 #EL #BD 236 26 1050
1052 #EL #BD 223 9 1051
1053 #EA 1034 1052
1054 #EA 1053 17
1055 #EL #BD 234 758 1054
1056 #EL #BD 96 1021 1055
1057 #EL #BD 232 923 1056
1058 #EA 1017 1057
1059 #EA 1058 14
1060 #EL #BD 234 758 1059
1061 #EL #BD 232 923 1060
#DEF 230 1012 1061 
254 #NS 0 HAppend
255 #NS 254 mk
256 #NS 0 hAppend
1062 #EC 254 2 5 7
1063 #EA 1062 34
1064 #EA 1063 19
1065 #EA 1064 17
1066 #EP #BD 256 101 1065
1067 #EP #BI 61 99 1066
1068 #EP #BI 59 96 1067
1069 #EP #BI 27 12 1068
#IND 3 254 113 1 255 1069 28 60 62
257 #NS 254 hAppend
1070 #EA 1062 19
1071 #EA 1070 17
1072 #EA 1071 14
1073 #EP #BC 70 1072 118
1074 #EP #BI 61 99 1073
1075 #EP #BI 59 96 1074
1076 #EP #BI 27 12 1075
1077 #EJ 254 0 14
1078 #EL #BC 70 1072 1077
1079 #EL #BI 61 99 1078
1080 #EL #BD 59 96 1079
1081 #EL #BD 27 12 1080
#DEF 257 1076 1081 28 60 62
258 #NS 25 reverseAux
259 #NS 258 match_1
260 #NS 102 Data
261 #NS 260 List
262 #NS 261 Basic
263 #NS 262 _hyg
264 #NI 263 4122
265 #NI 264 4141
1082 #EC 25 4
1083 #EA 1082 14
266 #NI 263 4123
267 #NI 266 4144
1084 #EA 1082 17
268 #NS 0 u_2
18 #UP 268
1085 #ES 18
1086 #EP #BD 267 1084 1085
1087 #EP #BD 265 1083 1086
1088 #EA 1082 19
269 #NS 0 r
1089 #EA 1082 34
1090 #EC 26 4
1091 #EA 1090 65
1092 #EA 34 1091
1093 #EA 1092 14
1094 #EP #BD 269 1089 1093
270 #NS 0 l
1095 #EA 1082 53
1096 #EA 1082 59
1097 #EC 29 4
1098 #EA 1097 562
1099 #EA 1098 19
1100 #EA 1099 17
1101 #EA 59 1100
1102 #EA 1101 14
1103 #EP #BD 269 1096 1102
1104 #EP #BD 270 1095 1103
1105 #EP #BD 11 65 1104
1106 #EP #BD 55 1105 275
1107 #EP #BD 53 1094 1106
1108 #EP #BD 267 1088 1107
1109 #EP #BD 265 1084 1108
1110 #EP #BD 35 1087 1109
1111 #EP #BI 27 142 1110
1112 #EC 197 18 4
1113 #EA 1112 53
1114 #EL #BD 42 1095 943
1115 #EA 1113 1114
1116 #EA 1115 34
1117 #EA 1116 947
271 #NS 213 Init
272 #NS 271 Data
273 #NS 272 List
274 #NS 273 Basic
275 #NS 274 _hyg
276 #NI 275 4175
277 #NS 217 Init
278 #NS 277 Data
279 #NS 278 List
280 #NS 279 Basic
281 #NS 280 _hyg
282 #NI 281 4176
1118 #EL #BD 282 1096 950
1119 #EL #BD 276 53 1118
1120 #EA 1117 1119
1121 #EL #BD 55 1105 1120
1122 #EL #BD 53 1094 1121
1123 #EL #BD 267 1088 1122
1124 #EL #BD 265 1084 1123
1125 #EL #BD 35 1087 1124
1126 #EL #BI 27 142 1125
#DEF 259 1111 1126 52 268
283 #NS 25 append
284 #NS 0 xs
1127 #EP #BD 284 15 21
1128 #EP #BI 27 12 1127
285 #NI 263 4379
286 #NI 263 4380
1129 #EC 229 3 2
1130 #EA 1129 19
1131 #EP #BD 286 851 729
1132 #EL #BD 285 20 1131
1133 #EA 1130 1132
1134 #EA 1133 17
1135 #EC 228 3 2
1136 #EA 1135 34
1137 #EP #BD 286 729 746
1138 #EL #BD 285 851 1137
1139 #EA 1136 1138
1140 #EA 1139 14
1141 #EC 259 2 3
1142 #EA 1141 53
287 #NI 285 4398
288 #NI 286 4401
1143 #EA 13 59
289 #NI 263 4432
1144 #EA 1135 562
1145 #EA 13 562
1146 #EV 8
1147 #EA 13 1146
1148 #EV 9
1149 #EA 13 1148
1150 #EP #BD 286 1147 1149
1151 #EL #BD 285 1145 1150
1152 #EA 1144 1151
1153 #EA 1152 17
1154 #EP #BD 289 1153 1147
1155 #EL #BD 288 1143 1154
1156 #EL #BD 287 746 1155
1157 #EA 1142 1156
1158 #EA 1157 19
1159 #EA 1158 14
1160 #EA 1135 59
1161 #EP #BD 286 1145 1147
1162 #EL #BD 285 1143 1161
1163 #EA 1160 1162
1164 #EA 726 59
1165 #EA 1163 1164
1166 #EL #BD 289 1165 17
1167 #EL #BD 269 746 1166
1168 #EA 1159 1167
1169 #EA 1135 1146
1170 #EV 10
1171 #EA 13 1170
1172 #EP #BD 286 1149 1171
1173 #EL #BD 285 1147 1172
1174 #EA 1169 1173
1175 #EA 730 1146
1176 #EA 1175 19
1177 #EA 1176 17
1178 #EA 1174 1177
1179 #EA 730 1148
1180 #EA 1179 34
1181 #EA 317 17
1182 #EA 1180 1181
1183 #EL #BD 289 1178 1182
1184 #EL #BD 269 1145 1183
1185 #EL #BD 270 1143 1184
1186 #EL #BD 11 53 1185
1187 #EA 1168 1186
1188 #EA 1187 17
1189 #EL #BD 286 729 1188
1190 #EL #BD 96 1140 1189
1191 #EL #BD 285 20 1190
1192 #EA 1134 1191
1193 #EA 1192 14
1194 #EL #BD 286 18 1193
1195 #EL #BD 285 15 1194
1196 #EL #BI 27 12 1195
#DEF 283 1128 1196 28
290 #NS 1 instHAppendProgListInstr
1197 #EC 254 0 0 0
1198 #EA 1197 923
1199 #EA 1198 26
1200 #EA 1199 923
1201 #EC 255 0 0 0
1202 #EA 1201 923
1203 #EA 1202 26
1204 #EA 1203 923
1205 #EC 283 0
1206 #EA 1205 9
1207 #EA 1204 1206
#DEF 290 1200 1207 
291 #NS 1 instHAppendProg
1208 #EA 1198 923
1209 #EA 1208 923
1210 #EA 1202 923
1211 #EA 1210 923
1212 #EA 1211 1206
#DEF 291 1209 1212 
292 #NS 1 compile
293 #NI 14 1349
1213 #EP #BD 293 4 923
294 #NI 45 1352
1214 #EL #BD 294 4 923
1215 #EA 649 1214
1216 #EA 1215 14
1217 #EA 653 1214
1218 #EA 1217 14
295 #NI 294 1363
296 #NI 45 1401
1219 #EP #BD 296 1218 923
1220 #EL #BD 295 4 1219
1221 #EA 656 1220
1222 #EA 1221 17
1223 #EA 1217 543
1224 #EA 690 17
1225 #EA 929 1224
1226 #EA 1225 925
1227 #EL #BD 296 1223 1226
1228 #EL #BD 177 2 1227
1229 #EA 1222 1228
1230 #EA 1217 605
1231 #EC 257 0 0 0
1232 #EA 1231 923
1233 #EA 1232 26
1234 #EA 1233 923
1235 #EC 290 
1236 #EA 1234 1235
1237 #EA 1232 923
1238 #EA 1237 923
1239 #EC 291 
1240 #EA 1238 1239
1241 #EA 1240 671
1242 #EA 1241 668
1243 #EA 1236 1242
1244 #EA 694 34
1245 #EA 929 1244
1246 #EA 1245 925
1247 #EA 1243 1246
1248 #EL #BD 296 1230 1247
1249 #EL #BD 180 4 1248
1250 #EL #BD 179 4 1249
1251 #EL #BD 178 0 1250
1252 #EA 1229 1251
1253 #EA 1252 14
1254 #EL #BD 96 1218 1253
1255 #EL #BD 294 4 1254
1256 #EA 1216 1255
1257 #EL #BD 294 4 1256
#DEF 292 1213 1257 
297 #NS 0 Eq
298 #NS 297 refl
1258 #EC 297 4
1259 #EA 1258 17
1260 #EA 1259 14
1261 #EA 1260 14
1262 #EP #BD 11 14 1261
1263 #EP #BI 27 49 1262
299 #NI 66 191
300 #NI 66 193
1264 #ES 0
1265 #EP #BD 300 17 1264
1266 #EP #BD 299 14 1265
1267 #EP #BI 27 49 1266
#IND 2 297 1267 1 298 1263 52
301 #NS 1 compileOneInstrStatement
302 #NS 0 e
303 #NS 0 p
1268 #EP #BD 204 758 1264
1269 #EP #BD 303 923 1268
1270 #EP #BD 302 4 1269
1271 #EC 297 1
1272 #EA 1271 806
1273 #EC 230 
1274 #EC 292 
1275 #EA 1274 19
1276 #EA 1240 1275
1277 #EA 1276 17
1278 #EA 1273 1277
1279 #EA 1278 14
1280 #EA 1272 1279
1281 #EA 1273 17
1282 #EC 172 
1283 #EA 1282 19
1284 #EA 761 1283
1285 #EA 1284 14
1286 #EA 1281 1285
1287 #EA 1280 1286
1288 #EL #BD 204 758 1287
1289 #EL #BD 303 923 1288
1290 #EL #BD 302 4 1289
#DEF 301 1270 1290 
304 #NS 1 compileCorrect
1291 #EP #BD 302 4 1264
1292 #EA 1274 14
1293 #EA 1273 1292
1294 #EA 1293 781
1295 #EA 1272 1294
1296 #EA 813 27
1297 #EA 1282 14
1298 #EA 761 1297
1299 #EA 1298 781
1300 #EA 1296 1299
1301 #EA 1295 1300
1302 #EL #BD 302 4 1301
#DEF 304 1291 1302 
305 #NS 1 binOpComm
306 #NS 0 e1
1303 #EP #BD 306 4 1291
1304 #EP #BD 84 0 1303
307 #NS 0 e2
1305 #EA 1271 2
1306 #EA 1282 605
1307 #EA 1305 1306
1308 #EA 603 14
1309 #EA 1308 17
1310 #EA 1282 1309
1311 #EA 1307 1310
1312 #EL #BD 307 4 1311
1313 #EL #BD 306 4 1312
1314 #EL #BD 84 0 1313
#DEF 305 1304 1314 
308 #NS 1 reverseMerge
1315 #EP #BD 84 0 1264
1316 #EP #BD 307 4 1315
1317 #EP #BD 306 4 1316
1318 #EA 1271 923
1319 #EA 1274 17
1320 #EA 1240 1319
1321 #EA 1320 1275
1322 #EA 1236 1321
1323 #EA 929 695
1324 #EA 1323 925
1325 #EA 1322 1324
1326 #EA 1318 1325
1327 #EA 563 14
1328 #EA 1327 19
1329 #EA 1328 17
1330 #EA 1274 1329
1331 #EA 1326 1330
1332 #EL #BD 84 0 1331
1333 #EL #BD 307 4 1332
1334 #EL #BD 306 4 1333
#DEF 308 1317 1334 
309 #NS 1 compileOpComm
1335 #EA 1240 1292
1336 #EA 1335 1319
1337 #EA 1236 1336
1338 #EA 694 19
1339 #EA 929 1338
1340 #EA 1339 925
1341 #EA 1337 1340
1342 #EA 1273 1341
1343 #EA 1342 781
1344 #EA 1272 1343
1345 #EA 1320 1292
1346 #EA 1236 1345
1347 #EA 1346 1340
1348 #EA 1273 1347
1349 #EA 1348 781
1350 #EA 1344 1349
1351 #EL #BD 307 4 1350
1352 #EL #BD 306 4 1351
1353 #EL #BD 84 0 1352
#DEF 309 1304 1353 
310 #NS 1 constEq
311 #NS 0 n'
1354 #EP #BD 311 2 1264
1355 #EP #BD 8 2 1354
312 #NI 14 1557
1356 #EA 1271 4
1357 #EA 542 17
1358 #EA 1356 1357
1359 #EA 1358 543
1360 #EA 1305 19
1361 #EA 1360 17
1362 #EP #BD 312 1359 1361
1363 #EL #BD 311 2 1362
1364 #EL #BD 8 2 1363
#DEF 310 1355 1364 
313 #NS 1 constInsEq
314 #NI 14 1575
1365 #EA 1271 9
1366 #EA 1365 1224
1367 #EA 1366 691
1368 #EP #BD 314 1367 1361
1369 #EL #BD 311 2 1368
1370 #EL #BD 8 2 1369
#DEF 313 1355 1370 
315 #NS 1 constOnlyConst
1371 #EP #BD 302 4 1354
316 #NI 14 1593
1372 #EA 1356 543
1373 #EA 1372 17
1374 #EA 1356 19
1375 #EA 1374 1357
1376 #EP #BD 316 1373 1375
1377 #EL #BD 8 2 1376
1378 #EL #BD 302 4 1377
#DEF 315 1371 1378 
317 #NS 1 listEq
318 #NS 0 A
1379 #EP #BI 318 1 1266
319 #NS 0 a1
320 #NS 0 a2
321 #NI 14 1612
1380 #EA 25 19
1381 #EA 1271 1380
1382 #EA 760 19
1383 #EA 1382 17
1384 #EA 780 19
1385 #EA 1383 1384
1386 #EA 1381 1385
1387 #EA 1382 14
1388 #EA 1387 1384
1389 #EA 1386 1388
1390 #EA 1271 34
1391 #EA 1390 19
1392 #EA 1391 17
1393 #EP #BD 321 1389 1392
1394 #EL #BD 320 17 1393
1395 #EL #BD 319 14 1394
1396 #EL #BI 318 1 1395
#DEF 317 1379 1396 
322 #NS 0 False
#IND 0 322 1264 0  
323 #NS 0 Not
1397 #EP #BD 11 1264 1264
324 #NI 66 158
1398 #EC 322 
1399 #EP #BD 324 14 1398
1400 #EL #BD 11 1264 1399
#DEF 323 1397 1400 
325 #NS 0 Ne
1401 #EP #BI 27 28 1266
1402 #EC 323 
1403 #EC 297 2
1404 #EA 1403 19
1405 #EA 1404 17
1406 #EA 1405 14
1407 #EA 1402 1406
1408 #EL #BD 84 17 1407
1409 #EL #BD 11 14 1408
1410 #EL #BI 27 28 1409
#DEF 325 1401 1410 28
326 #NS 1 constCmpl
1411 #EP #BD 8 2 1304
1412 #EC 325 1
1413 #EA 1412 923
1414 #EA 1413 1341
1415 #EA 690 34
1416 #EA 929 1415
1417 #EA 1416 925
1418 #EA 1414 1417
1419 #EL #BD 307 4 1418
1420 #EL #BD 306 4 1419
1421 #EL #BD 84 0 1420
1422 #EL #BD 8 2 1421
#DEF 326 1411 1422 
